<?xml version="1.0" encoding="UTF-8"?>
<testng-results skipped="0" failed="0" total="1" passed="1">
  <reporter-output>
  </reporter-output>
  <suite name="Default suite" duration-ms="78" started-at="2016-07-06T15:35:46Z" finished-at="2016-07-06T15:35:46Z">
    <groups>
    </groups>
    <test name="Default test" duration-ms="78" started-at="2016-07-06T15:35:46Z" finished-at="2016-07-06T15:35:46Z">
      <class name="test.SampleTest">
        <test-method status="PASS" signature="sampleExample()[pri:0, instance:test.SampleTest@7d0144a]" name="sampleExample" duration-ms="31" started-at="2016-07-06T21:05:46Z" finished-at="2016-07-06T21:05:46Z">
          <reporter-output>
          </reporter-output>
        </test-method> <!-- sampleExample -->
      </class> <!-- test.SampleTest -->
    </test> <!-- Default test -->
  </suite> <!-- Default suite -->
</testng-results>
